<?xml version="1.0" encoding="UTF-8"?>
<robot generator="Robot 5.0.1 (Python 3.10.6 on win32)" generated="20220911 17:52:22.798" rpa="false" schemaversion="3">
<suite id="s1" name="Test Login Rf" source="E:\QA\projects\test_robotframework\test_robotframework\test_login_rf.robot">
<test id="s1-t1" name="Log in to the system" line="46">
<kw name="Open login page">
<kw name="Open Browser" library="SeleniumLibrary">
<arg>${LOGIN URL}</arg>
<arg>${BROWSER}</arg>
<doc>Opens a new browser instance to the optional ``url``.</doc>
<msg timestamp="20220911 17:52:23.251" level="INFO">Opening browser 'Chrome' to base url 'https://scouts.futbolkolektyw.pl/en/'.</msg>
<status status="PASS" starttime="20220911 17:52:23.251" endtime="20220911 17:52:29.082"/>
</kw>
<kw name="Title Should Be" library="SeleniumLibrary">
<arg>Scouts panel - sign in</arg>
<doc>Verifies that the current page title equals ``title``.</doc>
<msg timestamp="20220911 17:52:29.091" level="INFO">Page title is 'Scouts panel - sign in'.</msg>
<status status="PASS" starttime="20220911 17:52:29.082" endtime="20220911 17:52:29.091"/>
</kw>
<status status="PASS" starttime="20220911 17:52:23.251" endtime="20220911 17:52:29.091"/>
</kw>
<kw name="Type in email">
<kw name="Input Text" library="SeleniumLibrary">
<arg>${EMAILINPUT}</arg>
<arg>user07@getnada.com</arg>
<doc>Types the given ``text`` into the text field identified by ``locator``.</doc>
<msg timestamp="20220911 17:52:29.093" level="INFO">Typing text 'user07@getnada.com' into text field 'xpath=//*[@id='login']'.</msg>
<status status="PASS" starttime="20220911 17:52:29.092" endtime="20220911 17:52:29.380"/>
</kw>
<status status="PASS" starttime="20220911 17:52:29.092" endtime="20220911 17:52:29.380"/>
</kw>
<kw name="Type in password">
<kw name="Input Text" library="SeleniumLibrary">
<arg>${PASSWORDINPUT}</arg>
<arg>Test-1234</arg>
<doc>Types the given ``text`` into the text field identified by ``locator``.</doc>
<msg timestamp="20220911 17:52:29.381" level="INFO">Typing text 'Test-1234' into text field 'xpath=//*[@id='password']'.</msg>
<status status="PASS" starttime="20220911 17:52:29.381" endtime="20220911 17:52:29.558"/>
</kw>
<status status="PASS" starttime="20220911 17:52:29.380" endtime="20220911 17:52:29.559"/>
</kw>
<kw name="Click on the Submit button">
<kw name="Click Element" library="SeleniumLibrary">
<arg>xpath=//child::div/button</arg>
<doc>Click the element identified by ``locator``.</doc>
<msg timestamp="20220911 17:52:29.561" level="INFO">Clicking element 'xpath=//child::div/button'.</msg>
<status status="PASS" starttime="20220911 17:52:29.560" endtime="20220911 17:52:29.633"/>
</kw>
<status status="PASS" starttime="20220911 17:52:29.559" endtime="20220911 17:52:29.633"/>
</kw>
<kw name="Assert dashboard">
<kw name="Wait Until Element Is Visible" library="SeleniumLibrary">
<arg>${PAGELOGO}</arg>
<doc>Waits until the element ``locator`` is visible.</doc>
<status status="PASS" starttime="20220911 17:52:29.637" endtime="20220911 17:52:31.168"/>
</kw>
<kw name="Title Should Be" library="SeleniumLibrary">
<arg>Scouts panel</arg>
<doc>Verifies that the current page title equals ``title``.</doc>
<msg timestamp="20220911 17:52:31.354" level="INFO" html="true">&lt;/td&gt;&lt;/tr&gt;&lt;tr&gt;&lt;td colspan="3"&gt;&lt;a href="selenium-screenshot-1.png"&gt;&lt;img src="selenium-screenshot-1.png" width="800px"&gt;&lt;/a&gt;</msg>
<msg timestamp="20220911 17:52:31.355" level="FAIL">Title should have been 'Scouts panel' but was 'PANEL SKAUTINGOWY'.</msg>
<status status="FAIL" starttime="20220911 17:52:31.168" endtime="20220911 17:52:31.357"/>
</kw>
<kw name="Capture Page Screenshot" library="SeleniumLibrary">
<arg>alert.png</arg>
<doc>Takes a screenshot of the current page and embeds it into a log file.</doc>
<status status="NOT RUN" starttime="20220911 17:52:31.358" endtime="20220911 17:52:31.358"/>
</kw>
<status status="FAIL" starttime="20220911 17:52:29.636" endtime="20220911 17:52:31.359"/>
</kw>
<kw name="Close Browser" library="SeleniumLibrary" type="TEARDOWN">
<doc>Closes the current browser.</doc>
<status status="PASS" starttime="20220911 17:52:31.360" endtime="20220911 17:52:33.629"/>
</kw>
<status status="FAIL" starttime="20220911 17:52:23.251" endtime="20220911 17:52:33.629">Title should have been 'Scouts panel' but was 'PANEL SKAUTINGOWY'.</status>
</test>
<test id="s1-t2" name="Changing language" line="54">
<kw name="Open login page">
<kw name="Open Browser" library="SeleniumLibrary">
<arg>${LOGIN URL}</arg>
<arg>${BROWSER}</arg>
<doc>Opens a new browser instance to the optional ``url``.</doc>
<msg timestamp="20220911 17:52:33.629" level="INFO">Opening browser 'Chrome' to base url 'https://scouts.futbolkolektyw.pl/en/'.</msg>
<status status="PASS" starttime="20220911 17:52:33.629" endtime="20220911 17:52:38.527"/>
</kw>
<kw name="Title Should Be" library="SeleniumLibrary">
<arg>Scouts panel - sign in</arg>
<doc>Verifies that the current page title equals ``title``.</doc>
<msg timestamp="20220911 17:52:38.536" level="INFO">Page title is 'Scouts panel - sign in'.</msg>
<status status="PASS" starttime="20220911 17:52:38.528" endtime="20220911 17:52:38.536"/>
</kw>
<status status="PASS" starttime="20220911 17:52:33.629" endtime="20220911 17:52:38.536"/>
</kw>
<kw name="Click on the Language change button">
<kw name="Click Element" library="SeleniumLibrary">
<arg>xpath=//div[@role='button']</arg>
<doc>Click the element identified by ``locator``.</doc>
<msg timestamp="20220911 17:52:38.538" level="INFO">Clicking element 'xpath=//div[@role='button']'.</msg>
<status status="PASS" starttime="20220911 17:52:38.538" endtime="20220911 17:52:38.623"/>
</kw>
<status status="PASS" starttime="20220911 17:52:38.537" endtime="20220911 17:52:38.623"/>
</kw>
<kw name="Click on the Polski button">
<kw name="Click Element" library="SeleniumLibrary">
<arg>xpath=//li[normalize-space()='Polski']</arg>
<doc>Click the element identified by ``locator``.</doc>
<msg timestamp="20220911 17:52:38.625" level="INFO">Clicking element 'xpath=//li[normalize-space()='Polski']'.</msg>
<status status="PASS" starttime="20220911 17:52:38.625" endtime="20220911 17:52:38.770"/>
</kw>
<status status="PASS" starttime="20220911 17:52:38.624" endtime="20220911 17:52:38.770"/>
</kw>
<kw name="Close Browser" library="SeleniumLibrary" type="TEARDOWN">
<doc>Closes the current browser.</doc>
<status status="PASS" starttime="20220911 17:52:38.772" endtime="20220911 17:52:40.979"/>
</kw>
<status status="PASS" starttime="20220911 17:52:33.629" endtime="20220911 17:52:40.979"/>
</test>
<test id="s1-t3" name="Sign out of the system" line="60">
<kw name="Open login page">
<kw name="Open Browser" library="SeleniumLibrary">
<arg>${LOGIN URL}</arg>
<arg>${BROWSER}</arg>
<doc>Opens a new browser instance to the optional ``url``.</doc>
<msg timestamp="20220911 17:52:40.979" level="INFO">Opening browser 'Chrome' to base url 'https://scouts.futbolkolektyw.pl/en/'.</msg>
<status status="PASS" starttime="20220911 17:52:40.979" endtime="20220911 17:52:45.778"/>
</kw>
<kw name="Title Should Be" library="SeleniumLibrary">
<arg>Scouts panel - sign in</arg>
<doc>Verifies that the current page title equals ``title``.</doc>
<msg timestamp="20220911 17:52:45.786" level="INFO">Page title is 'Scouts panel - sign in'.</msg>
<status status="PASS" starttime="20220911 17:52:45.778" endtime="20220911 17:52:45.786"/>
</kw>
<status status="PASS" starttime="20220911 17:52:40.979" endtime="20220911 17:52:45.786"/>
</kw>
<kw name="Type in email">
<kw name="Input Text" library="SeleniumLibrary">
<arg>${EMAILINPUT}</arg>
<arg>user07@getnada.com</arg>
<doc>Types the given ``text`` into the text field identified by ``locator``.</doc>
<msg timestamp="20220911 17:52:45.789" level="INFO">Typing text 'user07@getnada.com' into text field 'xpath=//*[@id='login']'.</msg>
<status status="PASS" starttime="20220911 17:52:45.788" endtime="20220911 17:52:46.060"/>
</kw>
<status status="PASS" starttime="20220911 17:52:45.787" endtime="20220911 17:52:46.060"/>
</kw>
<kw name="Type in password">
<kw name="Input Text" library="SeleniumLibrary">
<arg>${PASSWORDINPUT}</arg>
<arg>Test-1234</arg>
<doc>Types the given ``text`` into the text field identified by ``locator``.</doc>
<msg timestamp="20220911 17:52:46.062" level="INFO">Typing text 'Test-1234' into text field 'xpath=//*[@id='password']'.</msg>
<status status="PASS" starttime="20220911 17:52:46.062" endtime="20220911 17:52:46.256"/>
</kw>
<status status="PASS" starttime="20220911 17:52:46.061" endtime="20220911 17:52:46.256"/>
</kw>
<kw name="Click on the Submit button">
<kw name="Click Element" library="SeleniumLibrary">
<arg>xpath=//child::div/button</arg>
<doc>Click the element identified by ``locator``.</doc>
<msg timestamp="20220911 17:52:46.257" level="INFO">Clicking element 'xpath=//child::div/button'.</msg>
<status status="PASS" starttime="20220911 17:52:46.257" endtime="20220911 17:52:46.329"/>
</kw>
<status status="PASS" starttime="20220911 17:52:46.256" endtime="20220911 17:52:46.330"/>
</kw>
<kw name="Assert dashboard">
<kw name="Wait Until Element Is Visible" library="SeleniumLibrary">
<arg>${PAGELOGO}</arg>
<doc>Waits until the element ``locator`` is visible.</doc>
<status status="PASS" starttime="20220911 17:52:46.331" endtime="20220911 17:52:48.383"/>
</kw>
<kw name="Title Should Be" library="SeleniumLibrary">
<arg>Scouts panel</arg>
<doc>Verifies that the current page title equals ``title``.</doc>
<msg timestamp="20220911 17:52:48.570" level="INFO" html="true">&lt;/td&gt;&lt;/tr&gt;&lt;tr&gt;&lt;td colspan="3"&gt;&lt;a href="selenium-screenshot-2.png"&gt;&lt;img src="selenium-screenshot-2.png" width="800px"&gt;&lt;/a&gt;</msg>
<msg timestamp="20220911 17:52:48.570" level="FAIL">Title should have been 'Scouts panel' but was 'PANEL SKAUTINGOWY'.</msg>
<status status="FAIL" starttime="20220911 17:52:48.383" endtime="20220911 17:52:48.571"/>
</kw>
<kw name="Capture Page Screenshot" library="SeleniumLibrary">
<arg>alert.png</arg>
<doc>Takes a screenshot of the current page and embeds it into a log file.</doc>
<status status="NOT RUN" starttime="20220911 17:52:48.571" endtime="20220911 17:52:48.571"/>
</kw>
<status status="FAIL" starttime="20220911 17:52:46.330" endtime="20220911 17:52:48.572"/>
</kw>
<kw name="Click on the Signout button">
<status status="NOT RUN" starttime="20220911 17:52:48.573" endtime="20220911 17:52:48.573"/>
</kw>
<kw name="Close Browser" library="SeleniumLibrary" type="TEARDOWN">
<doc>Closes the current browser.</doc>
<status status="PASS" starttime="20220911 17:52:48.574" endtime="20220911 17:52:50.892"/>
</kw>
<status status="FAIL" starttime="20220911 17:52:40.979" endtime="20220911 17:52:50.892">Title should have been 'Scouts panel' but was 'PANEL SKAUTINGOWY'.</status>
</test>
<test id="s1-t4" name="Changing language on the page" line="69">
<kw name="Open login page">
<kw name="Open Browser" library="SeleniumLibrary">
<arg>${LOGIN URL}</arg>
<arg>${BROWSER}</arg>
<doc>Opens a new browser instance to the optional ``url``.</doc>
<msg timestamp="20220911 17:52:50.892" level="INFO">Opening browser 'Chrome' to base url 'https://scouts.futbolkolektyw.pl/en/'.</msg>
<status status="PASS" starttime="20220911 17:52:50.892" endtime="20220911 17:52:55.312"/>
</kw>
<kw name="Title Should Be" library="SeleniumLibrary">
<arg>Scouts panel - sign in</arg>
<doc>Verifies that the current page title equals ``title``.</doc>
<msg timestamp="20220911 17:52:55.320" level="INFO">Page title is 'Scouts panel - sign in'.</msg>
<status status="PASS" starttime="20220911 17:52:55.312" endtime="20220911 17:52:55.320"/>
</kw>
<status status="PASS" starttime="20220911 17:52:50.892" endtime="20220911 17:52:55.321"/>
</kw>
<kw name="Type in email">
<kw name="Input Text" library="SeleniumLibrary">
<arg>${EMAILINPUT}</arg>
<arg>user07@getnada.com</arg>
<doc>Types the given ``text`` into the text field identified by ``locator``.</doc>
<msg timestamp="20220911 17:52:55.323" level="INFO">Typing text 'user07@getnada.com' into text field 'xpath=//*[@id='login']'.</msg>
<status status="PASS" starttime="20220911 17:52:55.322" endtime="20220911 17:52:55.599"/>
</kw>
<status status="PASS" starttime="20220911 17:52:55.322" endtime="20220911 17:52:55.599"/>
</kw>
<kw name="Type in password">
<kw name="Input Text" library="SeleniumLibrary">
<arg>${PASSWORDINPUT}</arg>
<arg>Test-1234</arg>
<doc>Types the given ``text`` into the text field identified by ``locator``.</doc>
<msg timestamp="20220911 17:52:55.601" level="INFO">Typing text 'Test-1234' into text field 'xpath=//*[@id='password']'.</msg>
<status status="PASS" starttime="20220911 17:52:55.601" endtime="20220911 17:52:55.775"/>
</kw>
<status status="PASS" starttime="20220911 17:52:55.600" endtime="20220911 17:52:55.775"/>
</kw>
<kw name="Click on the Submit button">
<kw name="Click Element" library="SeleniumLibrary">
<arg>xpath=//child::div/button</arg>
<doc>Click the element identified by ``locator``.</doc>
<msg timestamp="20220911 17:52:55.776" level="INFO">Clicking element 'xpath=//child::div/button'.</msg>
<status status="PASS" starttime="20220911 17:52:55.776" endtime="20220911 17:52:55.850"/>
</kw>
<status status="PASS" starttime="20220911 17:52:55.776" endtime="20220911 17:52:55.851"/>
</kw>
<kw name="Assert dashboard">
<kw name="Wait Until Element Is Visible" library="SeleniumLibrary">
<arg>${PAGELOGO}</arg>
<doc>Waits until the element ``locator`` is visible.</doc>
<status status="PASS" starttime="20220911 17:52:55.852" endtime="20220911 17:52:56.790"/>
</kw>
<kw name="Title Should Be" library="SeleniumLibrary">
<arg>Scouts panel</arg>
<doc>Verifies that the current page title equals ``title``.</doc>
<msg timestamp="20220911 17:52:56.957" level="INFO" html="true">&lt;/td&gt;&lt;/tr&gt;&lt;tr&gt;&lt;td colspan="3"&gt;&lt;a href="selenium-screenshot-3.png"&gt;&lt;img src="selenium-screenshot-3.png" width="800px"&gt;&lt;/a&gt;</msg>
<msg timestamp="20220911 17:52:56.957" level="FAIL">Title should have been 'Scouts panel' but was 'PANEL SKAUTINGOWY'.</msg>
<status status="FAIL" starttime="20220911 17:52:56.790" endtime="20220911 17:52:56.958"/>
</kw>
<kw name="Capture Page Screenshot" library="SeleniumLibrary">
<arg>alert.png</arg>
<doc>Takes a screenshot of the current page and embeds it into a log file.</doc>
<status status="NOT RUN" starttime="20220911 17:52:56.958" endtime="20220911 17:52:56.958"/>
</kw>
<status status="FAIL" starttime="20220911 17:52:55.852" endtime="20220911 17:52:56.959"/>
</kw>
<kw name="Click on the Language button">
<status status="NOT RUN" starttime="20220911 17:52:56.960" endtime="20220911 17:52:56.960"/>
</kw>
<kw name="Close Browser" library="SeleniumLibrary" type="TEARDOWN">
<doc>Closes the current browser.</doc>
<status status="PASS" starttime="20220911 17:52:56.961" endtime="20220911 17:52:59.164"/>
</kw>
<status status="FAIL" starttime="20220911 17:52:50.892" endtime="20220911 17:52:59.164">Title should have been 'Scouts panel' but was 'PANEL SKAUTINGOWY'.</status>
</test>
<test id="s1-t5" name="Remind password" line="78">
<kw name="Open login page">
<kw name="Open Browser" library="SeleniumLibrary">
<arg>${LOGIN URL}</arg>
<arg>${BROWSER}</arg>
<doc>Opens a new browser instance to the optional ``url``.</doc>
<msg timestamp="20220911 17:52:59.164" level="INFO">Opening browser 'Chrome' to base url 'https://scouts.futbolkolektyw.pl/en/'.</msg>
<status status="PASS" starttime="20220911 17:52:59.164" endtime="20220911 17:53:04.276"/>
</kw>
<kw name="Title Should Be" library="SeleniumLibrary">
<arg>Scouts panel - sign in</arg>
<doc>Verifies that the current page title equals ``title``.</doc>
<msg timestamp="20220911 17:53:04.285" level="INFO">Page title is 'Scouts panel - sign in'.</msg>
<status status="PASS" starttime="20220911 17:53:04.276" endtime="20220911 17:53:04.285"/>
</kw>
<status status="PASS" starttime="20220911 17:52:59.164" endtime="20220911 17:53:04.285"/>
</kw>
<kw name="Click on the Remind password button">
<kw name="Click Element" library="SeleniumLibrary">
<arg>xpath=//child::div/a</arg>
<doc>Click the element identified by ``locator``.</doc>
<msg timestamp="20220911 17:53:04.287" level="INFO">Clicking element 'xpath=//child::div/a'.</msg>
<status status="PASS" starttime="20220911 17:53:04.286" endtime="20220911 17:53:04.391"/>
</kw>
<status status="PASS" starttime="20220911 17:53:04.286" endtime="20220911 17:53:04.392"/>
</kw>
<kw name="Type in email field">
<kw name="Input Text" library="SeleniumLibrary">
<arg>${EMAILFIELD}</arg>
<arg>user07@getnada.com</arg>
<doc>Types the given ``text`` into the text field identified by ``locator``.</doc>
<msg timestamp="20220911 17:53:04.394" level="INFO">Typing text 'user07@getnada.com' into text field 'xpath=//input[@name='email']'.</msg>
<status status="PASS" starttime="20220911 17:53:04.394" endtime="20220911 17:53:04.664"/>
</kw>
<status status="PASS" starttime="20220911 17:53:04.392" endtime="20220911 17:53:04.665"/>
</kw>
<kw name="Click on the Send button">
<kw name="Click Element" library="SeleniumLibrary">
<arg>xpath=//button[@type='submit']</arg>
<doc>Click the element identified by ``locator``.</doc>
<msg timestamp="20220911 17:53:04.668" level="INFO">Clicking element 'xpath=//button[@type='submit']'.</msg>
<status status="PASS" starttime="20220911 17:53:04.667" endtime="20220911 17:53:04.755"/>
</kw>
<status status="PASS" starttime="20220911 17:53:04.666" endtime="20220911 17:53:04.756"/>
</kw>
<kw name="Close Browser" library="SeleniumLibrary" type="TEARDOWN">
<doc>Closes the current browser.</doc>
<status status="PASS" starttime="20220911 17:53:04.757" endtime="20220911 17:53:07.029"/>
</kw>
<status status="PASS" starttime="20220911 17:52:59.164" endtime="20220911 17:53:07.029"/>
</test>
<test id="s1-t6" name="Add player" line="85">
<kw name="Open login page">
<kw name="Open Browser" library="SeleniumLibrary">
<arg>${LOGIN URL}</arg>
<arg>${BROWSER}</arg>
<doc>Opens a new browser instance to the optional ``url``.</doc>
<msg timestamp="20220911 17:53:07.029" level="INFO">Opening browser 'Chrome' to base url 'https://scouts.futbolkolektyw.pl/en/'.</msg>
<status status="PASS" starttime="20220911 17:53:07.029" endtime="20220911 17:53:11.459"/>
</kw>
<kw name="Title Should Be" library="SeleniumLibrary">
<arg>Scouts panel - sign in</arg>
<doc>Verifies that the current page title equals ``title``.</doc>
<msg timestamp="20220911 17:53:11.469" level="INFO">Page title is 'Scouts panel - sign in'.</msg>
<status status="PASS" starttime="20220911 17:53:11.459" endtime="20220911 17:53:11.469"/>
</kw>
<status status="PASS" starttime="20220911 17:53:07.029" endtime="20220911 17:53:11.469"/>
</kw>
<kw name="Type in email">
<kw name="Input Text" library="SeleniumLibrary">
<arg>${EMAILINPUT}</arg>
<arg>user07@getnada.com</arg>
<doc>Types the given ``text`` into the text field identified by ``locator``.</doc>
<msg timestamp="20220911 17:53:11.471" level="INFO">Typing text 'user07@getnada.com' into text field 'xpath=//*[@id='login']'.</msg>
<status status="PASS" starttime="20220911 17:53:11.470" endtime="20220911 17:53:11.751"/>
</kw>
<status status="PASS" starttime="20220911 17:53:11.470" endtime="20220911 17:53:11.752"/>
</kw>
<kw name="Type in password">
<kw name="Input Text" library="SeleniumLibrary">
<arg>${PASSWORDINPUT}</arg>
<arg>Test-1234</arg>
<doc>Types the given ``text`` into the text field identified by ``locator``.</doc>
<msg timestamp="20220911 17:53:11.753" level="INFO">Typing text 'Test-1234' into text field 'xpath=//*[@id='password']'.</msg>
<status status="PASS" starttime="20220911 17:53:11.753" endtime="20220911 17:53:11.920"/>
</kw>
<status status="PASS" starttime="20220911 17:53:11.752" endtime="20220911 17:53:11.920"/>
</kw>
<kw name="Click on the Submit button">
<kw name="Click Element" library="SeleniumLibrary">
<arg>xpath=//child::div/button</arg>
<doc>Click the element identified by ``locator``.</doc>
<msg timestamp="20220911 17:53:11.923" level="INFO">Clicking element 'xpath=//child::div/button'.</msg>
<status status="PASS" starttime="20220911 17:53:11.922" endtime="20220911 17:53:12.002"/>
</kw>
<status status="PASS" starttime="20220911 17:53:11.921" endtime="20220911 17:53:12.002"/>
</kw>
<kw name="Assert dashboard">
<kw name="Wait Until Element Is Visible" library="SeleniumLibrary">
<arg>${PAGELOGO}</arg>
<doc>Waits until the element ``locator`` is visible.</doc>
<status status="PASS" starttime="20220911 17:53:12.004" endtime="20220911 17:53:12.736"/>
</kw>
<kw name="Title Should Be" library="SeleniumLibrary">
<arg>Scouts panel</arg>
<doc>Verifies that the current page title equals ``title``.</doc>
<msg timestamp="20220911 17:53:12.935" level="INFO" html="true">&lt;/td&gt;&lt;/tr&gt;&lt;tr&gt;&lt;td colspan="3"&gt;&lt;a href="selenium-screenshot-4.png"&gt;&lt;img src="selenium-screenshot-4.png" width="800px"&gt;&lt;/a&gt;</msg>
<msg timestamp="20220911 17:53:12.936" level="FAIL">Title should have been 'Scouts panel' but was 'PANEL SKAUTINGOWY'.</msg>
<status status="FAIL" starttime="20220911 17:53:12.736" endtime="20220911 17:53:12.936"/>
</kw>
<kw name="Capture Page Screenshot" library="SeleniumLibrary">
<arg>alert.png</arg>
<doc>Takes a screenshot of the current page and embeds it into a log file.</doc>
<status status="NOT RUN" starttime="20220911 17:53:12.937" endtime="20220911 17:53:12.937"/>
</kw>
<status status="FAIL" starttime="20220911 17:53:12.003" endtime="20220911 17:53:12.937"/>
</kw>
<kw name="Click on the Add player button">
<status status="NOT RUN" starttime="20220911 17:53:12.938" endtime="20220911 17:53:12.938"/>
</kw>
<kw name="Assert add player page">
<status status="NOT RUN" starttime="20220911 17:53:12.939" endtime="20220911 17:53:12.939"/>
</kw>
<kw name="Type in Name">
<status status="NOT RUN" starttime="20220911 17:53:12.939" endtime="20220911 17:53:12.939"/>
</kw>
<kw name="Type in Surname">
<status status="NOT RUN" starttime="20220911 17:53:12.940" endtime="20220911 17:53:12.940"/>
</kw>
<kw name="Type in Age">
<status status="NOT RUN" starttime="20220911 17:53:12.940" endtime="20220911 17:53:12.940"/>
</kw>
<kw name="Type in Main position">
<status status="NOT RUN" starttime="20220911 17:53:12.941" endtime="20220911 17:53:12.941"/>
</kw>
<kw name="Click on the Submit player button">
<status status="NOT RUN" starttime="20220911 17:53:12.942" endtime="20220911 17:53:12.943"/>
</kw>
<kw name="Close Browser" library="SeleniumLibrary" type="TEARDOWN">
<doc>Closes the current browser.</doc>
<status status="PASS" starttime="20220911 17:53:12.943" endtime="20220911 17:53:15.151"/>
</kw>
<status status="FAIL" starttime="20220911 17:53:07.029" endtime="20220911 17:53:15.151">Title should have been 'Scouts panel' but was 'PANEL SKAUTINGOWY'.</status>
</test>
<doc>Suite description #automated tests for scout website</doc>
<status status="FAIL" starttime="20220911 17:52:22.814" endtime="20220911 17:53:15.151"/>
</suite>
<statistics>
<total>
<stat pass="2" fail="4" skip="0">All Tests</stat>
</total>
<tag>
</tag>
<suite>
<stat pass="2" fail="4" skip="0" id="s1" name="Test Login Rf">Test Login Rf</stat>
</suite>
</statistics>
<errors>
</errors>
</robot>
